This is pdfTeX, Version 3.141592653-2.6-1.40.24 (TeX Live 2022) (preloaded format=pdflatex 2022.12.26)  27 DEC 2022 15:04
entering extended mode
 restricted \write18 enabled.
 file:line:error style messages enabled.
 %&-line parsing enabled.
**"c:/Users/marco/Desktop/Tese de Mestrado/Texto e Apresentação/Texto/main.tex"
(c:/Users/marco/Desktop/Tese de Mestrado/Texto e Apresentação/Texto/main.tex
LaTeX2e <2022-11-01> patch level 1
L3 programming layer <2022-12-17> (c:/texlive/2022/texmf-dist/tex/latex/abntex2/abntex2.cls
Document Class: abntex2 2018/11/24 v-1.9.7 abnTeX2
(c:/texlive/2022/texmf-dist/tex/latex/base/ifthen.sty
Package: ifthen 2022/04/13 v1.1d Standard LaTeX ifthen package (DPC)
) (c:/texlive/2022/texmf-dist/tex/latex/memoir/memoir.cls
Document Class: memoir 2022/11/17 v3.7.19 configurable book, report, article document class
(c:/texlive/2022/texmf-dist/tex/latex/etoolbox/etoolbox.sty
Package: etoolbox 2020/10/05 v2.5k e-TeX tools for LaTeX (JAW)
\etb@tempcnta=\count185
)
\onelineskip=\skip48
\lxvchars=\skip49
\xlvchars=\skip50
\@memcnta=\count186
\c@@memmarkcntra=\count187
 (c:/texlive/2022/texmf-dist/tex/generic/iftex/iftex.sty
Package: iftex 2022/02/03 v1.0f TeX engine tests
)
\stockheight=\dimen140
\stockwidth=\dimen141
\trimtop=\skip51
\trimedge=\skip52
 (c:/texlive/2022/texmf-dist/tex/latex/memoir/mem12.clo
File: mem12.clo 2022/07/29 v0.5 memoir class 12pt size option
)
\binding=\skip53
\spinemargin=\skip54
\foremargin=\skip55
\uppermargin=\skip56
\lowermargin=\skip57
\headdrop=\skip58
\normalrulethickness=\skip59
\mem@maxheadheight=\skip60
\mem@maxfootheight=\skip61
\headwidth=\skip62
\c@storedpagenumber=\count188
\memPD=\dimen142
\m@mabparskip=\skip63
\thanksmarkwidth=\skip64
\thanksmarksep=\skip65
\droptitle=\skip66
\c@book=\count189
\c@part=\count190
\c@chapter=\count191
\c@section=\count192
\c@subsection=\count193
\c@subsubsection=\count194
\c@paragraph=\count195
\c@subparagraph=\count196
\beforechapskip=\skip67
\midchapskip=\skip68
\afterchapskip=\skip69
\chapindent=\skip70
\bottomsectionskip=\skip71
\secindent=\skip72
\beforesecskip=\skip73
\aftersecskip=\skip74
\subsecindent=\skip75
\beforesubsecskip=\skip76
\aftersubsecskip=\skip77
\subsubsecindent=\skip78
\beforesubsubsecskip=\skip79
\aftersubsubsecskip=\skip80
\paraindent=\skip81
\beforeparaskip=\skip82
\afterparaskip=\skip83
\subparaindent=\skip84
\beforesubparaskip=\skip85
\aftersubparaskip=\skip86
\pfbreakskip=\skip87
\c@@ppsavesec=\count197
\c@@ppsaveapp=\count198
\ragrparindent=\dimen143
\everylistparindent=\dimen144
\parsepi=\skip88
\topsepi=\skip89
\itemsepi=\skip90
\parsepii=\skip91
\topsepii=\skip92
\topsepiii=\skip93
\itemsepii=\skip94
\itemsepiii=\skip95
\partopsepii=\skip96
\partopsepiii=\skip97
\m@msavetopsep=\skip98
\m@msavepartopsep=\skip99
\@enLab=\toks16
\abstitleskip=\skip100
\absleftindent=\skip101
\abs@leftindent=\dimen145
\absrightindent=\skip102
\absparindent=\skip103
\absparsep=\skip104
\c@vslineno=\count199
\c@poemline=\count266
\c@modulo@vs=\count267
\c@memfvsline=\count268
\vleftskip=\skip105
\vrightskip=\skip106
\stanzaskip=\skip107
\versewidth=\skip108
\vgap=\skip109
\vindent=\skip110
\vleftmargin=\dimen146
\c@verse=\count269
\c@chrsinstr=\count270
\beforepoemtitleskip=\skip111
\afterpoemtitleskip=\skip112
\c@poem=\count271
\beforePoemTitleskip=\skip113
\midPoemTitleskip=\skip114
\afterPoemTitleskip=\skip115
 (c:/texlive/2022/texmf-dist/tex/latex/tools/array.sty
Package: array 2022/09/04 v2.5g Tabular extension package (FMi)
\col@sep=\dimen147
\ar@mcellbox=\box51
\extrarowheight=\dimen148
\NC@list=\toks17
\extratabsurround=\skip116
\backup@length=\skip117
\ar@cellbox=\box52
) (c:/texlive/2022/texmf-dist/tex/latex/tools/dcolumn.sty
Package: dcolumn 2014/10/28 v1.06 decimal alignment package (DPC)
) (c:/texlive/2022/texmf-dist/tex/latex/tools/delarray.sty
Package: delarray 2014/10/28 v1.01 array delimiter package (DPC)
) (c:/texlive/2022/texmf-dist/tex/latex/tools/tabularx.sty
Package: tabularx 2020/01/15 v2.11c `tabularx' package (DPC)
\TX@col@width=\dimen149
\TX@old@table=\dimen150
\TX@old@col=\dimen151
\TX@target=\dimen152
\TX@delta=\dimen153
\TX@cols=\count272
\TX@ftn=\toks18
)
\heavyrulewidth=\dimen154
\lightrulewidth=\dimen155
\cmidrulewidth=\dimen156
\belowrulesep=\dimen157
\belowbottomsep=\dimen158
\aboverulesep=\dimen159
\abovetopsep=\dimen160
\cmidrulesep=\dimen161
\cmidrulekern=\dimen162
\defaultaddspace=\dimen163
\@cmidla=\count273
\@cmidlb=\count274
\@aboverulesep=\dimen164
\@belowrulesep=\dimen165
\@thisruleclass=\count275
\@lastruleclass=\count276
\@thisrulewidth=\dimen166
\ctableftskip=\skip118
\ctabrightskip=\skip119
\abovecolumnspenalty=\count277
\@linestogo=\count278
\@cellstogo=\count279
\@cellsincolumn=\count280
\crtok=\toks19
\@mincolumnwidth=\dimen167
\c@newflo@tctr=\count281
\mem@margin@floatbox=\box53
\@contcwidth=\skip120
\@contindw=\skip121
\abovecaptionskip=\skip122
\belowcaptionskip=\skip123
\subfloattopskip=\skip124
\subfloatcapskip=\skip125
\subfloatcaptopadj=\skip126
\subfloatbottomskip=\skip127
\subfloatlabelskip=\skip128
\subfloatcapmargin=\dimen168
\c@@contsubnum=\count282
\m@mscap@capbox=\box54
\m@mscap@fbox=\box55
\sidecapsep=\dimen169
\sidecapwidth=\dimen170
\m@m@tempdima=\dimen171
\m@mscapraise=\dimen172
\sidecapraise=\dimen173
\m@mscapmainwidth=\dimen174
\m@mscaplkern=\dimen175
\beforeepigraphskip=\skip129
\afterepigraphskip=\skip130
\epigraphwidth=\skip131
\epigraphrule=\skip132
LaTeX Info: Redefining \em on input line 7655.
LaTeX Info: Redefining \emph on input line 7663.
\tocentryskip=\skip133
\tocbaseline=\skip134
\cftparskip=\skip135
\cftbeforebookskip=\skip136
\cftbookindent=\dimen176
\cftbooknumwidth=\dimen177
\cftbeforepartskip=\skip137
\cftpartindent=\skip138
\cftpartnumwidth=\skip139
\cftbeforechapterskip=\skip140
\cftchapterindent=\skip141
\cftchapternumwidth=\skip142
\cftbeforesectionskip=\skip143
\cftsectionindent=\skip144
\cftsectionnumwidth=\skip145
\cftbeforesubsectionskip=\skip146
\cftsubsectionindent=\skip147
\cftsubsectionnumwidth=\skip148
\cftbeforesubsubsectionskip=\skip149
\cftsubsubsectionindent=\skip150
\cftsubsubsectionnumwidth=\skip151
\cftbeforeparagraphskip=\skip152
\cftparagraphindent=\skip153
\cftparagraphnumwidth=\skip154
\cftbeforesubparagraphskip=\skip155
\cftsubparagraphindent=\skip156
\cftsubparagraphnumwidth=\skip157
\prechapterprecisshift=\dimen178
\c@maxsecnumdepth=\count283
\bibindent=\dimen179
\bibitemsep=\skip158
\indexcolsep=\skip159
\indexrule=\skip160
\indexmarkstyle=\toks20
\@indexbox=\insert252
\glossarycolsep=\dimen180
\glossaryrule=\dimen181
\sideparvshift=\skip161
\sideins=\insert251
\sidebartopsep=\skip162
\sidebarhsep=\skip163
\sidebarvsep=\skip164
\sidebarwidth=\skip165
\footmarkwidth=\skip166
\footmarksep=\skip167
\footparindent=\skip168
\footinsdim=\skip169
\footinsv@r=\insert250
\@mpfootinsv@r=\insert249
\m@m@k=\count284
\m@m@h=\dimen182
\m@mipn@skip=\skip170
\sidefootins=\insert248
\sidefootadjust=\skip171
\sidefootheight=\skip172
\sidefoothsep=\skip173
\sidefootvsep=\skip174
\sidefootwidth=\skip175
\m@mdownsf=\skip176
\c@sidefootnote=\count285
\sidefootmarkwidth=\skip177
\sidefootmarksep=\skip178
\sidefootparindent=\skip179
\c@pagenote=\count286
\c@pagenoteshadow=\count287
\mem@pn@lastkern=\skip180
\every@verbatim=\toks21
\afterevery@verbatim=\toks22
\verbatim@line=\toks23
\tab@position=\count288
\verbatim@in@stream=\read2
\verbatimindent=\skip181
\verbatim@out=\write3
\bvboxsep=\skip182
\c@memfbvline=\count289
\c@bvlinectr=\count290
\bvnumlength=\skip183
\fb@frw=\dimen183
\fb@frh=\dimen184
\FrameRule=\dimen185
\FrameSep=\dimen186
\c@cp@cntr=\count291
\c@ism@mctr=\count292
\c@xsm@mctr=\count293
\c@csm@mctr=\count294
\c@ksm@mctr=\count295
\c@xksm@mctr=\count296
\c@cksm@mctr=\count297
\c@msm@mctr=\count298
\c@xmsm@mctr=\count299
\c@cmsm@mctr=\count300
\c@bsm@mctr=\count301
\c@workm@mctr=\count302
\c@sheetsequence=\count303
\c@lastsheet=\count304
\c@lastpage=\count305
 (c:/texlive/2022/texmf-dist/tex/latex/textcase/textcase.sty
Package: textcase 2022/07/10 v1.03 Text only upper/lower case changing (DPC)
Package textcase Info: Defining Legacy names on input line 20.
)
\c@figure=\count306
\c@lofdepth=\count307
\cftbeforefigureskip=\skip184
\cftfigureindent=\skip185
\cftfigurenumwidth=\skip186
\c@table=\count308
\c@lotdepth=\count309
\cftbeforetableskip=\skip187
\cfttableindent=\skip188
\cfttablenumwidth=\skip189
Package abstract [2008/07/23] emulated by memoir.
Package appendix [2008/07/23] emulated by memoir.
Package booktabs [2016/05/16] emulated by memoir.
Package ccaption [2008/07/23] emulated by memoir.
Package changepage [2008/07/23] emulated by memoir.
Package chngcntr [2008/07/23] emulated by memoir.
Package chngpage [2008/07/23] emulated by memoir.
Package crop emulated by memoir.
Package enumerate [2008/07/23] emulated by memoir.
Package epigraph [2008/07/23] emulated by memoir.
Package ifmtarg [2008/07/23] emulated by memoir.
Package index [2008/07/23] emulated by memoir.
Package makeidx [2008/07/23] emulated by memoir.
Package moreverb [2008/07/23] emulated by memoir.
Package needspace [2008/07/23] emulated by memoir.
Package newfile [2008/07/23] emulated by memoir.
Package nextpage [2008/07/23] emulated by memoir.
Package pagenote [2008/07/23] emulated by memoir.
Package parskip [2008/07/23] emulated by memoir.
Package patchcmd [2008/07/23] emulated by memoir.
Package setspace [2008/07/23] emulated by memoir.
Package shortvrb [2008/07/23] emulated by memoir.
Package showidx [2008/07/23] emulated by memoir.
Package titleref [2008/07/23] emulated by memoir.
Package titling [2008/07/23] emulated by memoir.
Package tocbibind [2008/07/23] emulated by memoir.
Package tocloft [2008/07/23] emulated by memoir.
Package tocvsec2 [2008/07/23] emulated by memoir.
Package verbatim [2008/07/23] emulated by memoir.
Package verse [2008/07/23] emulated by memoir.
) (c:/texlive/2022/texmf-dist/tex/latex/hyperref/hyperref.sty
Package: hyperref 2022-11-13 v7.00u Hypertext links for LaTeX
 (c:/texlive/2022/texmf-dist/tex/generic/ltxcmds/ltxcmds.sty
Package: ltxcmds 2020-05-10 v1.25 LaTeX kernel commands for general use (HO)
) (c:/texlive/2022/texmf-dist/tex/generic/pdftexcmds/pdftexcmds.sty
Package: pdftexcmds 2020-06-27 v0.33 Utility functions of pdfTeX for LuaTeX (HO)
 (c:/texlive/2022/texmf-dist/tex/generic/infwarerr/infwarerr.sty
Package: infwarerr 2019/12/03 v1.5 Providing info/warning/error messages (HO)
)
Package pdftexcmds Info: \pdf@primitive is available.
Package pdftexcmds Info: \pdf@ifprimitive is available.
Package pdftexcmds Info: \pdfdraftmode found.
) (c:/texlive/2022/texmf-dist/tex/latex/graphics/keyval.sty
Package: keyval 2022/05/29 v1.15 key=value parser (DPC)
\KV@toks@=\toks24
) (c:/texlive/2022/texmf-dist/tex/latex/kvsetkeys/kvsetkeys.sty
Package: kvsetkeys 2022-10-05 v1.19 Key value parser (HO)
) (c:/texlive/2022/texmf-dist/tex/generic/kvdefinekeys/kvdefinekeys.sty
Package: kvdefinekeys 2019-12-19 v1.6 Define keys (HO)
) (c:/texlive/2022/texmf-dist/tex/generic/pdfescape/pdfescape.sty
Package: pdfescape 2019/12/09 v1.15 Implements pdfTeX's escape features (HO)
) (c:/texlive/2022/texmf-dist/tex/latex/hycolor/hycolor.sty
Package: hycolor 2020-01-27 v1.10 Color options for hyperref/bookmark (HO)
) (c:/texlive/2022/texmf-dist/tex/latex/letltxmacro/letltxmacro.sty
Package: letltxmacro 2019/12/03 v1.6 Let assignment for LaTeX macros (HO)
) (c:/texlive/2022/texmf-dist/tex/latex/auxhook/auxhook.sty
Package: auxhook 2019-12-17 v1.6 Hooks for auxiliary files (HO)
) (c:/texlive/2022/texmf-dist/tex/latex/hyperref/nameref.sty
Package: nameref 2022-05-17 v2.50 Cross-referencing by name of section
 (c:/texlive/2022/texmf-dist/tex/latex/refcount/refcount.sty
Package: refcount 2019/12/15 v3.6 Data extraction from label references (HO)
) (c:/texlive/2022/texmf-dist/tex/generic/gettitlestring/gettitlestring.sty
Package: gettitlestring 2019/12/15 v1.6 Cleanup title references (HO)
 (c:/texlive/2022/texmf-dist/tex/latex/kvoptions/kvoptions.sty
Package: kvoptions 2022-06-15 v3.15 Key value format for package options (HO)
))
\c@section@level=\count310
)
\@linkdim=\dimen187
\Hy@linkcounter=\count311
\Hy@pagecounter=\count312
 (c:/texlive/2022/texmf-dist/tex/latex/hyperref/pd1enc.def
File: pd1enc.def 2022-11-13 v7.00u Hyperref: PDFDocEncoding definition (HO)
Now handling font encoding PD1 ...
... no UTF-8 mapping file for font encoding PD1
) (c:/texlive/2022/texmf-dist/tex/generic/intcalc/intcalc.sty
Package: intcalc 2019/12/15 v1.3 Expandable calculations with integers (HO)
) (c:/texlive/2022/texmf-dist/tex/generic/etexcmds/etexcmds.sty
Package: etexcmds 2019/12/15 v1.7 Avoid name clashes with e-TeX commands (HO)
)
\Hy@SavedSpaceFactor=\count313
 (c:/texlive/2022/texmf-dist/tex/latex/hyperref/puenc.def
File: puenc.def 2022-11-13 v7.00u Hyperref: PDF Unicode definition (HO)
Now handling font encoding PU ...
... no UTF-8 mapping file for font encoding PU
)
Package hyperref Info: Hyper figures OFF on input line 4162.
Package hyperref Info: Link nesting OFF on input line 4167.
Package hyperref Info: Hyper index ON on input line 4170.
Package hyperref Info: Plain pages OFF on input line 4177.
Package hyperref Info: Backreferencing OFF on input line 4182.
Package hyperref Info: Implicit mode ON; LaTeX internals redefined.
Package hyperref Info: Bookmarks ON on input line 4410.
\c@Hy@tempcnt=\count314
 (c:/texlive/2022/texmf-dist/tex/latex/url/url.sty
\Urlmuskip=\muskip16
Package: url 2013/09/16  ver 3.4  Verb mode for urls, etc.
)
LaTeX Info: Redefining \url on input line 4748.
\XeTeXLinkMargin=\dimen188
 (c:/texlive/2022/texmf-dist/tex/generic/bitset/bitset.sty
Package: bitset 2019/12/09 v1.3 Handle bit-vector datatype (HO)
 (c:/texlive/2022/texmf-dist/tex/generic/bigintcalc/bigintcalc.sty
Package: bigintcalc 2019/12/15 v1.5 Expandable calculations on big integers (HO)
))
\Fld@menulength=\count315
\Field@Width=\dimen189
\Fld@charsize=\dimen190
Package hyperref Info: Hyper figures OFF on input line 6027.
Package hyperref Info: Link nesting OFF on input line 6032.
Package hyperref Info: Hyper index ON on input line 6035.
Package hyperref Info: backreferencing OFF on input line 6042.
Package hyperref Info: Link coloring OFF on input line 6047.
Package hyperref Info: Link coloring with OCG OFF on input line 6052.
Package hyperref Info: PDF/A mode OFF on input line 6057.
 (c:/texlive/2022/texmf-dist/tex/latex/base/atbegshi-ltx.sty
Package: atbegshi-ltx 2021/01/10 v1.0c Emulation of the original atbegshi
package with kernel methods
)
\Hy@abspage=\count316
\c@Item=\count317
\c@Hfootnote=\count318
)
Package hyperref Info: Driver (autodetected): hpdftex.
 (c:/texlive/2022/texmf-dist/tex/latex/hyperref/hpdftex.def
File: hpdftex.def 2022-11-13 v7.00u Hyperref driver for pdfTeX
 (c:/texlive/2022/texmf-dist/tex/latex/base/atveryend-ltx.sty
Package: atveryend-ltx 2020/08/19 v1.0a Emulation of the original atveryend package
with kernel methods
)
\Fld@listcount=\count319
\c@bookmark@seq@number=\count320
 (c:/texlive/2022/texmf-dist/tex/latex/rerunfilecheck/rerunfilecheck.sty
Package: rerunfilecheck 2022-07-10 v1.10 Rerun checks for auxiliary files (HO)
 (c:/texlive/2022/texmf-dist/tex/generic/uniquecounter/uniquecounter.sty
Package: uniquecounter 2019/12/15 v1.4 Provide unlimited unique counter (HO)
)
Package uniquecounter Info: New unique counter `rerunfilecheck' on input line 285.
)
\Hy@SectionHShift=\skip190
) (c:/texlive/2022/texmf-dist/tex/latex/memoir/memhfixc.sty
Package: memhfixc 2022/11/17 v1.20 nameref/hyperref package fixes for memoir class

Redoing nameref's sectioning
Redoing nameref's label
LaTeX Info: Redefining \nameref on input line 106.
\c@memhycontfloat=\count321
\c@Hpagenote=\count322
) (c:/texlive/2022/texmf-dist/tex/latex/bookmark/bookmark.sty
Package: bookmark 2020-11-06 v1.29 PDF bookmarks (HO)
 (c:/texlive/2022/texmf-dist/tex/latex/bookmark/bkm-pdftex.def
File: bkm-pdftex.def 2020-11-06 v1.29 bookmark driver for pdfTeX (HO)
\BKM@id=\count323
)) (c:/texlive/2022/texmf-dist/tex/generic/babel/babel.sty
Package: babel 2022/11/30 3.83 The Babel package
\babel@savecnt=\count324
\U@D=\dimen191
\l@unhyphenated=\language87
 (c:/texlive/2022/texmf-dist/tex/generic/babel/txtbabel.def)
\bbl@readstream=\read3
\bbl@dirlevel=\count325
 (c:/texlive/2022/texmf-dist/tex/generic/babel-english/english.ldf
Language: english 2017/06/06 v3.3r English support from the babel system
Package babel Info: Hyphen rules for 'canadian' set to \l@english
(babel)             (\language0). Reported on input line 102.
Package babel Info: Hyphen rules for 'australian' set to \l@ukenglish
(babel)             (\language21). Reported on input line 105.
Package babel Info: Hyphen rules for 'newzealand' set to \l@ukenglish
(babel)             (\language21). Reported on input line 108.
) (c:/texlive/2022/texmf-dist/tex/generic/babel-portuges/brazil.ldf
Language: portuges 2021/07/09 v1.2t Portuguese support from the babel system
Package babel Info: Hyphen rules for 'brazil' set to \l@portuguese
(babel)             (\language70). Reported on input line 111.
Package babel Info: Making " an active character on input line 143.
)) (c:/texlive/2022/texmf-dist/tex/generic/babel/locale/en/babel-english.tex
Package babel Info: Importing font and identification data for english
(babel)             from babel-en.ini. Reported on input line 11.
) (c:/texlive/2022/texmf-dist/tex/latex/enumitem/enumitem.sty
Package: enumitem 2019/06/20 v3.9 Customized lists
\labelindent=\skip191
\enit@outerparindent=\dimen192
\enit@toks=\toks25
\enit@inbox=\box56
\enit@count@id=\count326
\enitdp@description=\count327
) (c:/texlive/2022/texmf-dist/tex/latex/tools/calc.sty
Package: calc 2017/05/25 v4.3 Infix arithmetic (KKT,FJ)
\calc@Acount=\count328
\calc@Bcount=\count329
\calc@Adimen=\dimen193
\calc@Bdimen=\dimen194
\calc@Askip=\skip192
\calc@Bskip=\skip193
LaTeX Info: Redefining \setlength on input line 80.
LaTeX Info: Redefining \addtolength on input line 81.
\calc@Ccount=\count330
\calc@Cskip=\skip194
)

******************************************************
Stock height and width: 845.04684pt by 597.50787pt
Top and edge trims: 0pt and 0pt
Page height and width: 845.04684pt by 597.50787pt
Text height and width: 708pt by 455pt
Spine and edge margins: 85.35826pt and 56.9055pt
Upper and lower margins: 85.35826pt and 51.68858pt
Headheight and headsep: 14.5pt and 19.8738pt
Footskip: 30pt
Columnsep and columnseprule: 10pt and 0pt
Marginparsep and marginparwidth: 7pt and 42.9055pt
Sidecapsep and sidecapwidth: 7pt and 42pt
Sidebarhsep and sidebarwidth: 7pt and 42pt
Sidebarvsep and sidebartopsep: 14.5pt and 0pt
Sidebarheight: 590.14995pt
Sidefoothsep and sidefootwidth: 7pt and 42pt
Sidefootvsep and sidefootheight: 14.5pt and 590.14995pt
******************************************************

\c@abntex@bookmarkcounter=\count331
\cftlastnumwidth=\skip195
\chapternamenumlength=\skip196
\ABNTEXcitacaorecuo=\skip197
\c@alineasi=\count332
\c@alineasii=\count333
\enitdp@alineas=\count334
\c@subalineasi=\count335
\enitdp@subalineas=\count336
\c@incisosi=\count337
\enitdp@incisos=\count338
\ABNTEXsignwidth=\skip198
\ABNTEXsignthickness=\skip199
\ABNTEXsignskip=\skip256
) (c:/texlive/2022/texmf-dist/tex/latex/lm/lmodern.sty
Package: lmodern 2015/05/01 v1.6.1 Latin Modern Fonts
LaTeX Font Info:    Overwriting symbol font `operators' in version `normal'
(Font)                  OT1/cmr/m/n --> OT1/lmr/m/n on input line 22.
LaTeX Font Info:    Overwriting symbol font `letters' in version `normal'
(Font)                  OML/cmm/m/it --> OML/lmm/m/it on input line 23.
LaTeX Font Info:    Overwriting symbol font `symbols' in version `normal'
(Font)                  OMS/cmsy/m/n --> OMS/lmsy/m/n on input line 24.
LaTeX Font Info:    Overwriting symbol font `largesymbols' in version `normal'
(Font)                  OMX/cmex/m/n --> OMX/lmex/m/n on input line 25.
LaTeX Font Info:    Overwriting symbol font `operators' in version `bold'
(Font)                  OT1/cmr/bx/n --> OT1/lmr/bx/n on input line 26.
LaTeX Font Info:    Overwriting symbol font `letters' in version `bold'
(Font)                  OML/cmm/b/it --> OML/lmm/b/it on input line 27.
LaTeX Font Info:    Overwriting symbol font `symbols' in version `bold'
(Font)                  OMS/cmsy/b/n --> OMS/lmsy/b/n on input line 28.
LaTeX Font Info:    Overwriting symbol font `largesymbols' in version `bold'
(Font)                  OMX/cmex/m/n --> OMX/lmex/m/n on input line 29.
LaTeX Font Info:    Overwriting math alphabet `\mathbf' in version `normal'
(Font)                  OT1/cmr/bx/n --> OT1/lmr/bx/n on input line 31.
LaTeX Font Info:    Overwriting math alphabet `\mathsf' in version `normal'
(Font)                  OT1/cmss/m/n --> OT1/lmss/m/n on input line 32.
LaTeX Font Info:    Overwriting math alphabet `\mathit' in version `normal'
(Font)                  OT1/cmr/m/it --> OT1/lmr/m/it on input line 33.
LaTeX Font Info:    Overwriting math alphabet `\mathtt' in version `normal'
(Font)                  OT1/cmtt/m/n --> OT1/lmtt/m/n on input line 34.
LaTeX Font Info:    Overwriting math alphabet `\mathbf' in version `bold'
(Font)                  OT1/cmr/bx/n --> OT1/lmr/bx/n on input line 35.
LaTeX Font Info:    Overwriting math alphabet `\mathsf' in version `bold'
(Font)                  OT1/cmss/bx/n --> OT1/lmss/bx/n on input line 36.
LaTeX Font Info:    Overwriting math alphabet `\mathit' in version `bold'
(Font)                  OT1/cmr/bx/it --> OT1/lmr/bx/it on input line 37.
LaTeX Font Info:    Overwriting math alphabet `\mathtt' in version `bold'
(Font)                  OT1/cmtt/m/n --> OT1/lmtt/m/n on input line 38.
) (c:/texlive/2022/texmf-dist/tex/latex/base/fontenc.sty
Package: fontenc 2021/04/29 v2.0v Standard LaTeX package
LaTeX Font Info:    Trying to load font information for T1+lmr on input line 112.
 (c:/texlive/2022/texmf-dist/tex/latex/lm/t1lmr.fd
File: t1lmr.fd 2015/05/01 v1.6.1 Font defs for Latin Modern
)) (c:/texlive/2022/texmf-dist/tex/latex/lastpage/lastpage.sty
Package: lastpage 2021/09/03 v1.2n Refers to last page's name (HMM; JPG)
) (c:/texlive/2022/texmf-dist/tex/latex/tools/indentfirst.sty
Package: indentfirst 1995/11/23 v1.03 Indent first paragraph (DPC)
) (c:/texlive/2022/texmf-dist/tex/latex/graphics/color.sty
Package: color 2022/01/06 v1.3d Standard LaTeX Color (DPC)
 (c:/texlive/2022/texmf-dist/tex/latex/graphics-cfg/color.cfg
File: color.cfg 2016/01/02 v1.6 sample color configuration
)
Package color Info: Driver file: pdftex.def on input line 149.
 (c:/texlive/2022/texmf-dist/tex/latex/graphics-def/pdftex.def
File: pdftex.def 2022/09/22 v1.2b Graphics/color driver for pdftex
) (c:/texlive/2022/texmf-dist/tex/latex/graphics/mathcolor.ltx)) (c:/texlive/2022/texmf-dist/tex/latex/graphics/graphicx.sty
Package: graphicx 2021/09/16 v1.2d Enhanced LaTeX Graphics (DPC,SPQR)
 (c:/texlive/2022/texmf-dist/tex/latex/graphics/graphics.sty
Package: graphics 2022/03/10 v1.4e Standard LaTeX Graphics (DPC,SPQR)
 (c:/texlive/2022/texmf-dist/tex/latex/graphics/trig.sty
Package: trig 2021/08/11 v1.11 sin cos tan (DPC)
) (c:/texlive/2022/texmf-dist/tex/latex/graphics-cfg/graphics.cfg
File: graphics.cfg 2016/06/04 v1.11 sample graphics configuration
)
Package graphics Info: Driver file: pdftex.def on input line 107.
)
\Gin@req@height=\dimen195
\Gin@req@width=\dimen196
) (c:/texlive/2022/texmf-dist/tex/latex/microtype/microtype.sty
Package: microtype 2022/06/23 v3.0f Micro-typographical refinements (RS)
\MT@toks=\toks26
\MT@tempbox=\box57
\MT@count=\count339
LaTeX Info: Redefining \noprotrusionifhmode on input line 1045.
LaTeX Info: Redefining \leftprotrusion on input line 1046.
LaTeX Info: Redefining \rightprotrusion on input line 1056.
LaTeX Info: Redefining \textls on input line 1234.
\MT@outer@kern=\dimen197
LaTeX Info: Redefining \textmicrotypecontext on input line 1858.
\MT@listname@count=\count340
 (c:/texlive/2022/texmf-dist/tex/latex/microtype/microtype-pdftex.def
File: microtype-pdftex.def 2022/06/23 v3.0f Definitions specific to pdftex (RS)
LaTeX Info: Redefining \lsstyle on input line 900.
LaTeX Info: Redefining \lslig on input line 900.
\MT@outer@space=\skip257
)
Package microtype Info: Loading configuration file microtype.cfg.
 (c:/texlive/2022/texmf-dist/tex/latex/microtype/microtype.cfg
File: microtype.cfg 2022/06/23 v3.0f microtype main configuration file (RS)
)) (c:/texlive/2022/texmf-dist/tex/latex/hyperref/backref.sty
Package: backref 2021/02/04 v1.41 Bibliographical back referencing
) (c:/texlive/2022/texmf-dist/tex/latex/abntex2/abntex2cite.sty
Package: abntex2cite 2018/11/24 v-1.9.7 abnTeX2
 (c:/texlive/2022/texmf-dist/tex/latex/abntex2/abntex2abrev.sty)
\minimumbiblabelwidth=\skip258
\ABCIauxlen=\skip259
\c@ABCIaux=\count341
\c@ABCImax=\count342
 (c:/texlive/2022/texmf-dist/tex/generic/iftex/ifpdf.sty
Package: ifpdf 2019/10/25 v3.4 ifpdf legacy package. Use iftex instead.
) (c:/texlive/2022/texmf-dist/tex/generic/iftex/ifxetex.sty
Package: ifxetex 2019/10/25 v0.7 ifxetex legacy package. Use iftex instead.
) (c:/texlive/2022/texmf-dist/tex/latex/relsize/relsize.sty
Package: relsize 2013/03/29 ver 4.1
)
\biblabelsep=\skip260
LaTeX Info: Redefining \newblock on input line 591.
LaTeX Info: Redefining \cite on input line 862.
\ABCItoken=\toks27
) (c:/texlive/2022/texmf-dist/tex/latex/amsmath/amsmath.sty
Package: amsmath 2022/04/08 v2.17n AMS math features
\@mathmargin=\skip261

For additional information on amsmath, use the `?' option.
(c:/texlive/2022/texmf-dist/tex/latex/amsmath/amstext.sty
Package: amstext 2021/08/26 v2.01 AMS text
 (c:/texlive/2022/texmf-dist/tex/latex/amsmath/amsgen.sty
File: amsgen.sty 1999/11/30 v2.0 generic functions
\@emptytoks=\toks28
\ex@=\dimen198
)) (c:/texlive/2022/texmf-dist/tex/latex/amsmath/amsbsy.sty
Package: amsbsy 1999/11/29 v1.2d Bold Symbols
\pmbraise@=\dimen199
) (c:/texlive/2022/texmf-dist/tex/latex/amsmath/amsopn.sty
Package: amsopn 2022/04/08 v2.04 operator names
)
\inf@bad=\count343
LaTeX Info: Redefining \frac on input line 234.
\uproot@=\count344
\leftroot@=\count345
LaTeX Info: Redefining \overline on input line 399.
LaTeX Info: Redefining \colon on input line 410.
\classnum@=\count346
\DOTSCASE@=\count347
LaTeX Info: Redefining \ldots on input line 496.
LaTeX Info: Redefining \dots on input line 499.
LaTeX Info: Redefining \cdots on input line 620.
\Mathstrutbox@=\box58
\strutbox@=\box59
LaTeX Info: Redefining \big on input line 722.
LaTeX Info: Redefining \Big on input line 723.
LaTeX Info: Redefining \bigg on input line 724.
LaTeX Info: Redefining \Bigg on input line 725.
\big@size=\dimen256
LaTeX Font Info:    Redeclaring font encoding OML on input line 743.
LaTeX Font Info:    Redeclaring font encoding OMS on input line 744.
\macc@depth=\count348
LaTeX Info: Redefining \bmod on input line 905.
LaTeX Info: Redefining \pmod on input line 910.
LaTeX Info: Redefining \smash on input line 940.
LaTeX Info: Redefining \relbar on input line 970.
LaTeX Info: Redefining \Relbar on input line 971.
\c@MaxMatrixCols=\count349
\dotsspace@=\muskip17
\c@parentequation=\count350
\dspbrk@lvl=\count351
\tag@help=\toks29
\row@=\count352
\column@=\count353
\maxfields@=\count354
\andhelp@=\toks30
\eqnshift@=\dimen257
\alignsep@=\dimen258
\tagshift@=\dimen259
\tagwidth@=\dimen260
\totwidth@=\dimen261
\lineht@=\dimen262
\@envbody=\toks31
\multlinegap=\skip262
\multlinetaggap=\skip263
\mathdisplay@stack=\toks32
LaTeX Info: Redefining \[ on input line 2953.
LaTeX Info: Redefining \] on input line 2954.
) (c:/texlive/2022/texmf-dist/tex/latex/amsfonts/amsfonts.sty
Package: amsfonts 2013/01/14 v3.01 Basic AMSFonts support
\symAMSa=\mathgroup4
\symAMSb=\mathgroup5
LaTeX Font Info:    Redeclaring math symbol \hbar on input line 98.
LaTeX Font Info:    Overwriting math alphabet `\mathfrak' in version `bold'
(Font)                  U/euf/m/n --> U/euf/b/n on input line 106.
) (c:/texlive/2022/texmf-dist/tex/latex/mathtools/mathtools.sty
Package: mathtools 2022/06/29 v1.29 mathematical typesetting tools
 (c:/texlive/2022/texmf-dist/tex/latex/mathtools/mhsetup.sty
Package: mhsetup 2021/03/18 v1.4 programming setup (MH)
)
\g_MT_multlinerow_int=\count355
\l_MT_multwidth_dim=\dimen263
\origjot=\skip264
\l_MT_shortvdotswithinadjustabove_dim=\dimen264
\l_MT_shortvdotswithinadjustbelow_dim=\dimen265
\l_MT_above_intertext_sep=\dimen266
\l_MT_below_intertext_sep=\dimen267
\l_MT_above_shortintertext_sep=\dimen268
\l_MT_below_shortintertext_sep=\dimen269
\xmathstrut@box=\box60
\xmathstrut@dim=\dimen270
) (c:/texlive/2022/texmf-dist/tex/latex/float/float.sty
Package: float 2001/11/08 v1.3d Float enhancements (AL)
\c@float@type=\count356
\float@exts=\toks33
\float@box=\box61
\@float@everytoks=\toks34
\@floatcapt=\box62
) (c:/texlive/2022/texmf-dist/tex/latex/caption/caption.sty
Package: caption 2022/03/01 v3.6b Customizing captions (AR)
 (c:/texlive/2022/texmf-dist/tex/latex/caption/caption3.sty
Package: caption3 2022/03/17 v2.3b caption3 kernel (AR)
\caption@tempdima=\dimen271
\captionmargin=\dimen272
\caption@leftmargin=\dimen273
\caption@rightmargin=\dimen274
\caption@width=\dimen275
\caption@indent=\dimen276
\caption@parindent=\dimen277
\caption@hangindent=\dimen278
Package caption Info: memoir document class detected.
 (c:/texlive/2022/texmf-dist/tex/latex/caption/caption-memoir.sto
File: caption-memoir.sto 2022/03/02 v2.2b Adaption of the caption package to the memoir document class (AR)
))
\c@caption@flags=\count357
\c@continuedfloat=\count358
Package caption Info: changepage package is loaded.
\caption@adjustwidth@hsize=\dimen279
\caption@adjustwidth@linewidth=\dimen280
Package caption Info: float package is loaded.
Package caption Info: hyperref package is loaded.
) (c:/texlive/2022/texmf-dist/tex/latex/caption/subcaption.sty
Package: subcaption 2022/01/07 v1.5 Sub-captions (AR)
\c@subfigure=\count359
\c@subtable=\count360
) (c:/texlive/2022/texmf-dist/tex/latex/amscls/amsthm.sty
Package: amsthm 2020/05/29 v2.20.6
\thm@style=\toks35
\thm@bodyfont=\toks36
\thm@headfont=\toks37
\thm@notefont=\toks38
\thm@headpunct=\toks39
\thm@preskip=\skip265
\thm@postskip=\skip266
\thm@headsep=\skip267
\dth@everypar=\toks40
)
\c@lema=\count361
\c@proposicao=\count362
\c@corolario=\count363
\c@exmp=\count364
 (c:/texlive/2022/texmf-dist/tex/latex/physics/physics.sty
Package: physics 
 (c:/texlive/2022/texmf-dist/tex/latex/l3packages/xparse/xparse.sty (c:/texlive/2022/texmf-dist/tex/latex/l3kernel/expl3.sty
Package: expl3 2022-12-17 L3 programming layer (loader) 
 (c:/texlive/2022/texmf-dist/tex/latex/l3backend/l3backend-pdftex.def
File: l3backend-pdftex.def 2022-10-26 L3 backend support: PDF output (pdfTeX)
\l__color_backend_stack_int=\count365
\l__pdf_internal_box=\box63
))
Package: xparse 2022-12-17 L3 Experimental document command parser
))
Package color Info: Redefining color blue on input line 100.
Package hyperref Info: Option `colorlinks' set `true' on input line 117.
\main@idxfile=\write4
\openout4 = `main.idx'.


Writing index file main.idx 
(./main.aux)
\openout1 = `main.aux'.

LaTeX Font Info:    Checking defaults for OML/cmm/m/it on input line 128.
LaTeX Font Info:    ... okay on input line 128.
LaTeX Font Info:    Checking defaults for OMS/cmsy/m/n on input line 128.
LaTeX Font Info:    ... okay on input line 128.
LaTeX Font Info:    Checking defaults for OT1/cmr/m/n on input line 128.
LaTeX Font Info:    ... okay on input line 128.
LaTeX Font Info:    Checking defaults for T1/cmr/m/n on input line 128.
LaTeX Font Info:    ... okay on input line 128.
LaTeX Font Info:    Checking defaults for TS1/cmr/m/n on input line 128.
LaTeX Font Info:    ... okay on input line 128.
LaTeX Font Info:    Checking defaults for OMX/cmex/m/n on input line 128.
LaTeX Font Info:    ... okay on input line 128.
LaTeX Font Info:    Checking defaults for U/cmr/m/n on input line 128.
LaTeX Font Info:    ... okay on input line 128.
LaTeX Font Info:    Checking defaults for PD1/pdf/m/n on input line 128.
LaTeX Font Info:    ... okay on input line 128.
LaTeX Font Info:    Checking defaults for PU/pdf/m/n on input line 128.
LaTeX Font Info:    ... okay on input line 128.
Package hyperref Info: Link coloring ON on input line 128.
\myptabbox=\box64
\myptabboxwidth=\skip268
Package lastpage Info: Please have a look at the pageslts package at
(lastpage)             https://www.ctan.org/pkg/pageslts
(lastpage)             ! on input line 128.
 (c:/texlive/2022/texmf-dist/tex/context/base/mkii/supp-pdf.mkii
[Loading MPS to PDF converter (version 2006.09.02).]
\scratchcounter=\count366
\scratchdimen=\dimen281
\scratchbox=\box65
\nofMPsegments=\count367
\nofMParguments=\count368
\everyMPshowfont=\toks41
\MPscratchCnt=\count369
\MPscratchDim=\dimen282
\MPnumerator=\count370
\makeMPintoPDFobject=\count371
\everyMPtoPDFconversion=\toks42
) (c:/texlive/2022/texmf-dist/tex/latex/epstopdf-pkg/epstopdf-base.sty
Package: epstopdf-base 2020-01-24 v2.11 Base part for package epstopdf
Package epstopdf-base Info: Redefining graphics rule for `.eps' on input line 485.
 (c:/texlive/2022/texmf-dist/tex/latex/latexconfig/epstopdf-sys.cfg
File: epstopdf-sys.cfg 2010/07/13 v1.3 Configuration of (r)epstopdf for TeX Live
))
LaTeX Info: Redefining \microtypecontext on input line 128.
Package microtype Info: Applying patch `item' on input line 128.
Package microtype Info: Applying patch `toc' on input line 128.
Package microtype Info: Applying patch `eqnum' on input line 128.
Package microtype Info: Applying patch `footnote' on input line 128.
Package microtype Info: Generating PDF output.
Package microtype Info: Character protrusion enabled (level 2).
Package microtype Info: Using default protrusion set `alltext'.
Package microtype Info: Automatic font expansion enabled (level 2),
(microtype)             stretch: 20, shrink: 20, step: 1, non-selected.
Package microtype Info: Using default expansion set `alltext-nott'.
LaTeX Info: Redefining \showhyphens on input line 128.
Package microtype Info: No adjustment of tracking.
Package microtype Info: No adjustment of interword spacing.
Package microtype Info: No adjustment of character kerning.
 (c:/texlive/2022/texmf-dist/tex/latex/microtype/mt-cmr.cfg
File: mt-cmr.cfg 2013/05/19 v2.2 microtype config. file: Computer Modern Roman (RS)
)
Package caption Info: Begin \AtBeginDocument code.
Package caption Info: End \AtBeginDocument code.
LaTeX Font Info:    Trying to load font information for T1+lmss on input line 131.
 (c:/texlive/2022/texmf-dist/tex/latex/lm/t1lmss.fd
File: t1lmss.fd 2015/05/01 v1.6.1 Font defs for Latin Modern
)
Package microtype Info: Loading generic protrusion settings for font family
(microtype)             `lmss' (encoding: T1).
(microtype)             For optimal results, create family-specific settings.
(microtype)             See the microtype manual for details.
 [1

{c:/texlive/2022/texmf-var/fonts/map/pdftex/updmap/pdftex.map}]
LaTeX Font Info:    Trying to load font information for OT1+lmr on input line 134.
 (c:/texlive/2022/texmf-dist/tex/latex/lm/ot1lmr.fd
File: ot1lmr.fd 2015/05/01 v1.6.1 Font defs for Latin Modern
)
LaTeX Font Info:    Trying to load font information for OML+lmm on input line 134.
 (c:/texlive/2022/texmf-dist/tex/latex/lm/omllmm.fd
File: omllmm.fd 2015/05/01 v1.6.1 Font defs for Latin Modern
)
LaTeX Font Info:    Trying to load font information for OMS+lmsy on input line 134.
 (c:/texlive/2022/texmf-dist/tex/latex/lm/omslmsy.fd
File: omslmsy.fd 2015/05/01 v1.6.1 Font defs for Latin Modern
)
LaTeX Font Info:    Trying to load font information for OMX+lmex on input line 134.
 (c:/texlive/2022/texmf-dist/tex/latex/lm/omxlmex.fd
File: omxlmex.fd 2015/05/01 v1.6.1 Font defs for Latin Modern
)
LaTeX Font Info:    External font `lmex10' loaded for size
(Font)              <12> on input line 134.
LaTeX Font Info:    External font `lmex10' loaded for size
(Font)              <8> on input line 134.
LaTeX Font Info:    External font `lmex10' loaded for size
(Font)              <6> on input line 134.
LaTeX Font Info:    Trying to load font information for U+msa on input line 134.
 (c:/texlive/2022/texmf-dist/tex/latex/amsfonts/umsa.fd
File: umsa.fd 2013/01/14 v3.01 AMS symbols A
) (c:/texlive/2022/texmf-dist/tex/latex/microtype/mt-msa.cfg
File: mt-msa.cfg 2006/02/04 v1.1 microtype config. file: AMS symbols (a) (RS)
)
LaTeX Font Info:    Trying to load font information for U+msb on input line 134.
 (c:/texlive/2022/texmf-dist/tex/latex/amsfonts/umsb.fd
File: umsb.fd 2013/01/14 v3.01 AMS symbols B
) (c:/texlive/2022/texmf-dist/tex/latex/microtype/mt-msb.cfg
File: mt-msb.cfg 2005/06/01 v1.0 microtype config. file: AMS symbols (b) (RS)
)
pdfTeX warning (ext4): destination with the same identifier (name{page.1}) has been already used, duplicate ignored
<to be read again> 
                   \relax 
l.134 
       [1



] [2


] [3

] [4

] (./main.toc [5

]) [6] [7


] [8] [9]
LaTeX Font Info:    External font `lmex10' loaded for size
(Font)              <10> on input line 221.
LaTeX Font Info:    External font `lmex10' loaded for size
(Font)              <7> on input line 221.
LaTeX Font Info:    External font `lmex10' loaded for size
(Font)              <5> on input line 221.
<Imagens/paralelogramo.png, id=204, 903.375pt x 533.74406pt>
File: Imagens/paralelogramo.png Graphic file (type png)
<use Imagens/paralelogramo.png>
Package pdftex.def Info: Imagens/paralelogramo.png  used on input line 253.
(pdftex.def)             Requested size: 181.99722pt x 107.52876pt.
 [10

] [11 <./Imagens/paralelogramo.png>] [12]
pdfTeX warning (ext4): destination with the same identifier (name{equation.2.1.1}) has been already used, duplicate ignored
<to be read again> 
                   \relax 
l.356     \begin{equation}
                          
pdfTeX warning (ext4): destination with the same identifier (name{equation.2.1.1}) has been already used, duplicate ignored
<to be read again> 
                   \relax 
l.356     \begin{equation}
                          
pdfTeX warning (ext4): destination with the same identifier (name{equation.2.1.1}) has been already used, duplicate ignored
<to be read again> 
                   \relax 
l.356     \begin{equation}
                          
pdfTeX warning (ext4): destination with the same identifier (name{equation.2.1.1}) has been already used, duplicate ignored
<to be read again> 
                   \relax 
l.356     \begin{equation}
                          
pdfTeX warning (ext4): destination with the same identifier (name{equation.2.1.2}) has been already used, duplicate ignored
<to be read again> 
                   \relax 
l.359     \begin{equation}
                          
pdfTeX warning (ext4): destination with the same identifier (name{equation.2.1.2}) has been already used, duplicate ignored
<to be read again> 
                   \relax 
l.359     \begin{equation}
                          
pdfTeX warning (ext4): destination with the same identifier (name{equation.2.1.2}) has been already used, duplicate ignored
<to be read again> 
                   \relax 
l.359     \begin{equation}
                          
pdfTeX warning (ext4): destination with the same identifier (name{equation.2.1.2}) has been already used, duplicate ignored
<to be read again> 
                   \relax 
l.359     \begin{equation}
                          
pdfTeX warning (ext4): destination with the same identifier (name{equation.2.1.3}) has been already used, duplicate ignored
<to be read again> 
                   \relax 
l.362     \begin{equation}
                          
pdfTeX warning (ext4): destination with the same identifier (name{equation.2.1.3}) has been already used, duplicate ignored
<to be read again> 
                   \relax 
l.362     \begin{equation}
                          
pdfTeX warning (ext4): destination with the same identifier (name{equation.2.1.3}) has been already used, duplicate ignored
<to be read again> 
                   \relax 
l.362     \begin{equation}
                          
pdfTeX warning (ext4): destination with the same identifier (name{equation.2.1.3}) has been already used, duplicate ignored
<to be read again> 
                   \relax 
l.362     \begin{equation}
                          
pdfTeX warning (ext4): destination with the same identifier (name{equation.2.1.4}) has been already used, duplicate ignored
<to be read again> 
                   \relax 
l.365     \begin{equation}
                          
pdfTeX warning (ext4): destination with the same identifier (name{equation.2.1.4}) has been already used, duplicate ignored
<to be read again> 
                   \relax 
l.365     \begin{equation}
                          
pdfTeX warning (ext4): destination with the same identifier (name{equation.2.1.4}) has been already used, duplicate ignored
<to be read again> 
                   \relax 
l.365     \begin{equation}
                          
pdfTeX warning (ext4): destination with the same identifier (name{equation.2.1.4}) has been already used, duplicate ignored
<to be read again> 
                   \relax 
l.365     \begin{equation}
                          
<Imagens/reflexão.png, id=266, 433.62pt x 424.58624pt>
File: Imagens/reflexão.png Graphic file (type png)
<use Imagens/reflexão.png>
Package pdftex.def Info: Imagens/reflexão.png  used on input line 375.
(pdftex.def)             Requested size: 136.50139pt x 133.65466pt.
<Imagens/translação.png, id=267, 903.375pt x 828.84656pt>
File: Imagens/translação.png Graphic file (type png)
<use Imagens/translação.png>
Package pdftex.def Info: Imagens/translação.png  used on input line 382.
(pdftex.def)             Requested size: 136.50139pt x 125.23221pt.
 [13 <./Imagens/reflexão.png> <./Imagens/translação.png>] [14] [15] [16]
<Imagens/triangles.png, id=340, 903.375pt x 322.95656pt>
File: Imagens/triangles.png Graphic file (type png)
<use Imagens/triangles.png>
Package pdftex.def Info: Imagens/triangles.png  used on input line 577.
(pdftex.def)             Requested size: 364.00139pt x 130.13141pt.
 [17 <./Imagens/triangles.png>] [18
pdfTeX warning (ext4): destination with the same identifier (name{equation.2.3.1}) has been already used, duplicate ignored
<argument> ...shipout:D \box_use:N \l_shipout_box 
                                                  \__shipout_drop_firstpage_...
l.653 \end{equation}
                    
pdfTeX warning (ext4): destination with the same identifier (name{equation.2.3.2}) has been already used, duplicate ignored
<argument> ...shipout:D \box_use:N \l_shipout_box 
                                                  \__shipout_drop_firstpage_...
l.653 \end{equation}
                    
pdfTeX warning (ext4): destination with the same identifier (name{equation.2.3.1}) has been already used, duplicate ignored
<argument> ...shipout:D \box_use:N \l_shipout_box 
                                                  \__shipout_drop_firstpage_...
l.653 \end{equation}
                    
pdfTeX warning (ext4): destination with the same identifier (name{equation.2.3.2}) has been already used, duplicate ignored
<argument> ...shipout:D \box_use:N \l_shipout_box 
                                                  \__shipout_drop_firstpage_...
l.653 \end{equation}
                    
pdfTeX warning (ext4): destination with the same identifier (name{equation.2.3.1}) has been already used, duplicate ignored
<argument> ...shipout:D \box_use:N \l_shipout_box 
                                                  \__shipout_drop_firstpage_...
l.653 \end{equation}
                    
pdfTeX warning (ext4): destination with the same identifier (name{equation.2.3.2}) has been already used, duplicate ignored
<argument> ...shipout:D \box_use:N \l_shipout_box 
                                                  \__shipout_drop_firstpage_...
l.653 \end{equation}
                    ]
<Imagens/trajetóriav2.png, id=370, 903.375pt x 464.4853pt>
File: Imagens/trajetóriav2.png Graphic file (type png)
<use Imagens/trajetóriav2.png>
Package pdftex.def Info: Imagens/trajetóriav2.png  used on input line 676.
(pdftex.def)             Requested size: 455.0pt x 233.95016pt.
 [19]
<Imagens/half_trajectories.png, id=383, 903.375pt x 493.0922pt>
File: Imagens/half_trajectories.png Graphic file (type png)
<use Imagens/half_trajectories.png>
Package pdftex.def Info: Imagens/half_trajectories.png  used on input line 695.
(pdftex.def)             Requested size: 273.00278pt x 149.01225pt.
 [20 <./Imagens/trajetóriav2.png> <./Imagens/half_trajectories.png>] [21]
<Imagens/area_birkhoff.png, id=418, 903.375pt x 651.18282pt>
File: Imagens/area_birkhoff.png Graphic file (type png)
<use Imagens/area_birkhoff.png>
Package pdftex.def Info: Imagens/area_birkhoff.png  used on input line 766.
(pdftex.def)             Requested size: 273.00278pt x 196.78717pt.
 [22 <./Imagens/area_birkhoff.png>] [23] [24] [25

]
pdfTeX warning (ext4): destination with the same identifier (name{equation.3.1.1}) has been already used, duplicate ignored
<to be read again> 
                   \relax 
l.905     \begin{equation}
                          
pdfTeX warning (ext4): destination with the same identifier (name{equation.3.1.1}) has been already used, duplicate ignored
<to be read again> 
                   \relax 
l.905     \begin{equation}
                          
pdfTeX warning (ext4): destination with the same identifier (name{equation.3.1.1}) has been already used, duplicate ignored
<to be read again> 
                   \relax 
l.905     \begin{equation}
                          
pdfTeX warning (ext4): destination with the same identifier (name{equation.3.1.1}) has been already used, duplicate ignored
<to be read again> 
                   \relax 
l.905     \begin{equation}
                           [26]
pdfTeX warning (ext4): destination with the same identifier (name{equation.3.1.2}) has been already used, duplicate ignored
<to be read again> 
                   \relax 
l.909     \begin{equation}
                          
pdfTeX warning (ext4): destination with the same identifier (name{equation.3.1.2}) has been already used, duplicate ignored
<to be read again> 
                   \relax 
l.909     \begin{equation}
                          
pdfTeX warning (ext4): destination with the same identifier (name{equation.3.1.2}) has been already used, duplicate ignored
<to be read again> 
                   \relax 
l.909     \begin{equation}
                          
pdfTeX warning (ext4): destination with the same identifier (name{equation.3.1.2}) has been already used, duplicate ignored
<to be read again> 
                   \relax 
l.909     \begin{equation}
                          
pdfTeX warning (ext4): destination with the same identifier (name{equation.3.1.3}) has been already used, duplicate ignored
<to be read again> 
                   \relax 
l.913     \begin{equation}
                          
pdfTeX warning (ext4): destination with the same identifier (name{equation.3.1.3}) has been already used, duplicate ignored
<to be read again> 
                   \relax 
l.913     \begin{equation}
                          
pdfTeX warning (ext4): destination with the same identifier (name{equation.3.1.3}) has been already used, duplicate ignored
<to be read again> 
                   \relax 
l.913     \begin{equation}
                          
pdfTeX warning (ext4): destination with the same identifier (name{equation.3.1.3}) has been already used, duplicate ignored
<to be read again> 
                   \relax 
l.913     \begin{equation}
                          
pdfTeX warning (ext4): destination with the same identifier (name{equation.3.1.4}) has been already used, duplicate ignored
<to be read again> 
                   \relax 
l.917     \begin{equation}
                          
pdfTeX warning (ext4): destination with the same identifier (name{equation.3.1.4}) has been already used, duplicate ignored
<to be read again> 
                   \relax 
l.917     \begin{equation}
                          
pdfTeX warning (ext4): destination with the same identifier (name{equation.3.1.4}) has been already used, duplicate ignored
<to be read again> 
                   \relax 
l.917     \begin{equation}
                          
pdfTeX warning (ext4): destination with the same identifier (name{equation.3.1.4}) has been already used, duplicate ignored
<to be read again> 
                   \relax 
l.917     \begin{equation}
                           [27] [28] [29]
<Imagens/area_em_termos_da_corda.png, id=546, 433.62pt x 326.29906pt>
File: Imagens/area_em_termos_da_corda.png Graphic file (type png)
<use Imagens/area_em_termos_da_corda.png>
Package pdftex.def Info: Imagens/area_em_termos_da_corda.png  used on input line 1067.
(pdftex.def)             Requested size: 227.5pt x 171.19504pt.
 [30 <./Imagens/area_em_termos_da_corda.png>] [31] [32] [33] [34] [35]
<Imagens/expansao_em_torno_da_trajetoria_classica.png, id=635, 433.62pt x 215.72595pt>
File: Imagens/expansao_em_torno_da_trajetoria_classica.png Graphic file (type png)
<use Imagens/expansao_em_torno_da_trajetoria_classica.png>
Package pdftex.def Info: Imagens/expansao_em_torno_da_trajetoria_classica.png  used on input line 1293.
(pdftex.def)             Requested size: 318.49861pt x 158.45955pt.
 [36 <./Imagens/expansao_em_torno_da_trajetoria_classica.png>] [37] [38

] [39] [40]
<Imagens/fg.png, id=725, 1204.5pt x 963.6pt>
File: Imagens/fg.png Graphic file (type png)
<use Imagens/fg.png>
Package pdftex.def Info: Imagens/fg.png  used on input line 1491.
(pdftex.def)             Requested size: 218.39806pt x 174.7197pt.
LaTeX Font Info:    External font `lmex10' loaded for size
(Font)              <10.95> on input line 1492.
<Imagens/fgi.png, id=726, 1204.5pt x 963.6pt>
File: Imagens/fgi.png Graphic file (type png)
<use Imagens/fgi.png>
Package pdftex.def Info: Imagens/fgi.png  used on input line 1498.
(pdftex.def)             Requested size: 218.39806pt x 174.7197pt.
 [41 <./Imagens/fg.png> <./Imagens/fgi.png>] [42] [43]
<Imagens/plano_complexo.png, id=773, 554.67226pt x 522.87344pt>
File: Imagens/plano_complexo.png Graphic file (type png)
<use Imagens/plano_complexo.png>
Package pdftex.def Info: Imagens/plano_complexo.png  used on input line 1584.
(pdftex.def)             Requested size: 227.5pt x 214.45927pt.
 [44 <./Imagens/plano_complexo.png>]
pdfTeX warning (ext4): destination with the same identifier (name{equation.4.2.1}) has been already used, duplicate ignored
<to be read again> 
                   \relax 
l.1664     \begin{equation}
                           
pdfTeX warning (ext4): destination with the same identifier (name{equation.4.2.1}) has been already used, duplicate ignored
<to be read again> 
                   \relax 
l.1664     \begin{equation}
                           
pdfTeX warning (ext4): destination with the same identifier (name{equation.4.2.1}) has been already used, duplicate ignored
<to be read again> 
                   \relax 
l.1664     \begin{equation}
                           
pdfTeX warning (ext4): destination with the same identifier (name{equation.4.2.1}) has been already used, duplicate ignored
<to be read again> 
                   \relax 
l.1664     \begin{equation}
                            [45]
pdfTeX warning (ext4): destination with the same identifier (name{equation.4.2.2}) has been already used, duplicate ignored
<to be read again> 
                   \relax 
l.1667     \begin{equation}
                           
pdfTeX warning (ext4): destination with the same identifier (name{equation.4.2.2}) has been already used, duplicate ignored
<to be read again> 
                   \relax 
l.1667     \begin{equation}
                           
pdfTeX warning (ext4): destination with the same identifier (name{equation.4.2.2}) has been already used, duplicate ignored
<to be read again> 
                   \relax 
l.1667     \begin{equation}
                           
pdfTeX warning (ext4): destination with the same identifier (name{equation.4.2.2}) has been already used, duplicate ignored
<to be read again> 
                   \relax 
l.1667     \begin{equation}
                           
pdfTeX warning (ext4): destination with the same identifier (name{equation.4.2.1}) has been already used, duplicate ignored
<to be read again> 
                   \relax 
l.1683     \begin{equation}
                           
pdfTeX warning (ext4): destination with the same identifier (name{equation.4.2.1}) has been already used, duplicate ignored
<to be read again> 
                   \relax 
l.1683     \begin{equation}
                           
pdfTeX warning (ext4): destination with the same identifier (name{equation.4.2.1}) has been already used, duplicate ignored
<to be read again> 
                   \relax 
l.1683     \begin{equation}
                           
pdfTeX warning (ext4): destination with the same identifier (name{equation.4.2.1}) has been already used, duplicate ignored
<to be read again> 
                   \relax 
l.1683     \begin{equation}
                           
pdfTeX warning (ext4): destination with the same identifier (name{equation.4.2.2}) has been already used, duplicate ignored
<to be read again> 
                   \relax 
l.1686     \begin{equation}
                           
pdfTeX warning (ext4): destination with the same identifier (name{equation.4.2.2}) has been already used, duplicate ignored
<to be read again> 
                   \relax 
l.1686     \begin{equation}
                           
pdfTeX warning (ext4): destination with the same identifier (name{equation.4.2.2}) has been already used, duplicate ignored
<to be read again> 
                   \relax 
l.1686     \begin{equation}
                           
pdfTeX warning (ext4): destination with the same identifier (name{equation.4.2.2}) has been already used, duplicate ignored
<to be read again> 
                   \relax 
l.1686     \begin{equation}
                            [46] [47

] [48] [49]
<Imagens/energias_kerr.png, id=873, 1204.5pt x 803.0pt>
File: Imagens/energias_kerr.png Graphic file (type png)
<use Imagens/energias_kerr.png>
Package pdftex.def Info: Imagens/energias_kerr.png  used on input line 1834.
(pdftex.def)             Requested size: 455.0pt x 303.32976pt.
 [50]
<Imagens/erro_relativo_energia_sc.png, id=885, 1204.5pt x 1003.75pt>
File: Imagens/erro_relativo_energia_sc.png Graphic file (type png)
<use Imagens/erro_relativo_energia_sc.png>
Package pdftex.def Info: Imagens/erro_relativo_energia_sc.png  used on input line 1850.
(pdftex.def)             Requested size: 145.60333pt x 121.33313pt.
<Imagens/erro_relativo_energia_kerr_dm.png, id=886, 1204.5pt x 1003.75pt>
File: Imagens/erro_relativo_energia_kerr_dm.png Graphic file (type png)
<use Imagens/erro_relativo_energia_kerr_dm.png>
Package pdftex.def Info: Imagens/erro_relativo_energia_kerr_dm.png  used on input line 1857.
(pdftex.def)             Requested size: 145.60333pt x 121.33313pt.
<Imagens/erro_relativo_energia_cl.png, id=887, 1204.5pt x 1003.75pt>
File: Imagens/erro_relativo_energia_cl.png Graphic file (type png)
<use Imagens/erro_relativo_energia_cl.png>
Package pdftex.def Info: Imagens/erro_relativo_energia_cl.png  used on input line 1864.
(pdftex.def)             Requested size: 145.60333pt x 121.33313pt.
<Imagens/erro_relativo_energia_sc_extendido.png, id=890, 1204.5pt x 803.0pt>
File: Imagens/erro_relativo_energia_sc_extendido.png Graphic file (type png)
<use Imagens/erro_relativo_energia_sc_extendido.png>
Package pdftex.def Info: Imagens/erro_relativo_energia_sc_extendido.png  used on input line 1875.
(pdftex.def)             Requested size: 364.00139pt x 242.66626pt.
 [51 <./Imagens/energias_kerr.png> <./Imagens/erro_relativo_energia_sc.png> <./Imagens/erro_relativo_energia_kerr_dm.png> <./Imagens/erro_relativo_energia_cl.png>]
<Imagens/calores_especificos_kerr.png, id=903, 1204.5pt x 803.0pt>
File: Imagens/calores_especificos_kerr.png Graphic file (type png)
<use Imagens/calores_especificos_kerr.png>
Package pdftex.def Info: Imagens/calores_especificos_kerr.png  used on input line 1890.
(pdftex.def)             Requested size: 455.0pt x 303.32976pt.
 [52 <./Imagens/erro_relativo_energia_sc_extendido.png>]
<Imagens/erro_relativo_calor_kerr_sc.png, id=909, 1204.5pt x 1003.75pt>
File: Imagens/erro_relativo_calor_kerr_sc.png Graphic file (type png)
<use Imagens/erro_relativo_calor_kerr_sc.png>
Package pdftex.def Info: Imagens/erro_relativo_calor_kerr_sc.png  used on input line 1900.
(pdftex.def)             Requested size: 145.60333pt x 121.33313pt.
<Imagens/erro_relativo_calor_kerr_dm.png, id=910, 1204.5pt x 1003.75pt>
File: Imagens/erro_relativo_calor_kerr_dm.png Graphic file (type png)
<use Imagens/erro_relativo_calor_kerr_dm.png>
Package pdftex.def Info: Imagens/erro_relativo_calor_kerr_dm.png  used on input line 1907.
(pdftex.def)             Requested size: 145.60333pt x 121.33313pt.
<Imagens/erro_relativo_calor_kerr_cl.png, id=911, 1204.5pt x 1003.75pt>
File: Imagens/erro_relativo_calor_kerr_cl.png Graphic file (type png)
<use Imagens/erro_relativo_calor_kerr_cl.png>
Package pdftex.def Info: Imagens/erro_relativo_calor_kerr_cl.png  used on input line 1914.
(pdftex.def)             Requested size: 145.60333pt x 121.33313pt.
 [53 <./Imagens/calores_especificos_kerr.png> <./Imagens/erro_relativo_calor_kerr_sc.png> <./Imagens/erro_relativo_calor_kerr_dm.png> <./Imagens/erro_relativo_calor_kerr_cl.png>] [54

] [55]
<Imagens/wigner_harmonic_oscilator.png, id=944, 1204.5pt x 1104.125pt>
File: Imagens/wigner_harmonic_oscilator.png Graphic file (type png)
<use Imagens/wigner_harmonic_oscilator.png>
Package pdftex.def Info: Imagens/wigner_harmonic_oscilator.png  used on input line 1986.
(pdftex.def)             Requested size: 455.0pt x 417.07843pt.
<Imagens/double_well_potential.png, id=946, 1204.5pt x 688.5725pt>
File: Imagens/double_well_potential.png Graphic file (type png)
<use Imagens/double_well_potential.png>
Package pdftex.def Info: Imagens/double_well_potential.png  used on input line 1999.
(pdftex.def)             Requested size: 318.49861pt x 182.07158pt.
 [56 <./Imagens/wigner_harmonic_oscilator.png>]
<Imagens/wigner_double_well.png, id=956, 1204.5pt x 1003.75pt>
File: Imagens/wigner_double_well.png Graphic file (type png)
<use Imagens/wigner_double_well.png>
Package pdftex.def Info: Imagens/wigner_double_well.png  used on input line 2014.
(pdftex.def)             Requested size: 455.0pt x 379.1622pt.
 [57 <./Imagens/double_well_potential.png>] [58 <./Imagens/wigner_double_well.png>] [59] [60]
<Imagens/plot_morse.png, id=1003, 1204.5pt x 688.5725pt>
File: Imagens/plot_morse.png Graphic file (type png)
<use Imagens/plot_morse.png>
Package pdftex.def Info: Imagens/plot_morse.png  used on input line 2152.
(pdftex.def)             Requested size: 364.00139pt x 208.0863pt.
 [61 <./Imagens/plot_morse.png>]
<Imagens/wigner_morse.png, id=1024, 1204.5pt x 1003.75pt>
File: Imagens/wigner_morse.png Graphic file (type png)
<use Imagens/wigner_morse.png>
Package pdftex.def Info: Imagens/wigner_morse.png  used on input line 2220.
(pdftex.def)             Requested size: 455.0pt x 379.1622pt.
 [62] [63 <./Imagens/wigner_morse.png>] [64]
<Imagens/det_part_1.png, id=1068, 1204.5pt x 481.8pt>
File: Imagens/det_part_1.png Graphic file (type png)
<use Imagens/det_part_1.png>
Package pdftex.def Info: Imagens/det_part_1.png  used on input line 2307.
(pdftex.def)             Requested size: 455.0pt x 181.99785pt.
<Imagens/det_part_2.png, id=1069, 1204.5pt x 481.8pt>
File: Imagens/det_part_2.png Graphic file (type png)
<use Imagens/det_part_2.png>
Package pdftex.def Info: Imagens/det_part_2.png  used on input line 2313.
(pdftex.def)             Requested size: 455.0pt x 181.99785pt.
<Imagens/ação_e_determinante.png, id=1071, 1204.5pt x 740.7675pt>
File: Imagens/ação_e_determinante.png Graphic file (type png)
<use Imagens/ação_e_determinante.png>
Package pdftex.def Info: Imagens/ação_e_determinante.png  used on input line 2324.
(pdftex.def)             Requested size: 364.00139pt x 223.85962pt.
 [65 <./Imagens/det_part_1.png> <./Imagens/det_part_2.png>]
<Imagens/det_part_3.png, id=1080, 1204.5pt x 803.0pt>
File: Imagens/det_part_3.png Graphic file (type png)
<use Imagens/det_part_3.png>
Package pdftex.def Info: Imagens/det_part_3.png  used on input line 2335.
(pdftex.def)             Requested size: 273.00278pt x 182.00275pt.
 [66 <./Imagens/ação_e_determinante.png>]
<Imagens/energias_morse.png, id=1089, 1204.5pt x 803.0pt>
File: Imagens/energias_morse.png Graphic file (type png)
<use Imagens/energias_morse.png>
Package pdftex.def Info: Imagens/energias_morse.png  used on input line 2348.
(pdftex.def)             Requested size: 409.49722pt x 273.00414pt.
<Imagens/error_sc.png, id=1091, 1204.5pt x 1003.75pt>
File: Imagens/error_sc.png Graphic file (type png)
<use Imagens/error_sc.png>
Package pdftex.def Info: Imagens/error_sc.png  used on input line 2359.
(pdftex.def)             Requested size: 145.60333pt x 121.33313pt.
<Imagens/error_dm.png, id=1092, 1204.5pt x 1003.75pt>
File: Imagens/error_dm.png Graphic file (type png)
<use Imagens/error_dm.png>
Package pdftex.def Info: Imagens/error_dm.png  used on input line 2366.
(pdftex.def)             Requested size: 145.60333pt x 121.33313pt.
<Imagens/error_cl.png, id=1093, 1204.5pt x 1003.75pt>
File: Imagens/error_cl.png Graphic file (type png)
<use Imagens/error_cl.png>
Package pdftex.def Info: Imagens/error_cl.png  used on input line 2373.
(pdftex.def)             Requested size: 145.60333pt x 121.33313pt.
 [67 <./Imagens/det_part_3.png> <./Imagens/energias_morse.png>]
<Imagens/calores_morse.png, id=1102, 1204.5pt x 803.0pt>
File: Imagens/calores_morse.png Graphic file (type png)
<use Imagens/calores_morse.png>
Package pdftex.def Info: Imagens/calores_morse.png  used on input line 2401.
(pdftex.def)             Requested size: 455.0pt x 303.32976pt.
 [68 <./Imagens/error_sc.png> <./Imagens/error_dm.png> <./Imagens/error_cl.png>]
<Imagens/erro_calor_sc_morse.png, id=1112, 1204.5pt x 1003.75pt>
File: Imagens/erro_calor_sc_morse.png Graphic file (type png)
<use Imagens/erro_calor_sc_morse.png>
Package pdftex.def Info: Imagens/erro_calor_sc_morse.png  used on input line 2413.
(pdftex.def)             Requested size: 145.60333pt x 121.33313pt.
<Imagens/erro_calor_dm_morse.png, id=1113, 1204.5pt x 1003.75pt>
File: Imagens/erro_calor_dm_morse.png Graphic file (type png)
<use Imagens/erro_calor_dm_morse.png>
Package pdftex.def Info: Imagens/erro_calor_dm_morse.png  used on input line 2420.
(pdftex.def)             Requested size: 145.60333pt x 121.33313pt.
<Imagens/erro_calor_cl_morse.png, id=1114, 1204.5pt x 1003.75pt>
File: Imagens/erro_calor_cl_morse.png Graphic file (type png)
<use Imagens/erro_calor_cl_morse.png>
Package pdftex.def Info: Imagens/erro_calor_cl_morse.png  used on input line 2427.
(pdftex.def)             Requested size: 145.60333pt x 121.33313pt.
 [69 <./Imagens/calores_morse.png> <./Imagens/erro_calor_sc_morse.png> <./Imagens/erro_calor_dm_morse.png> <./Imagens/erro_calor_cl_morse.png>] [70

]
Overfull \hbox (3.20038pt too wide) in paragraph at lines 2455--2456
\T1/lmr/m/n/12 (-20) Es-ta-re-mos in-te-res-sa-dos, mais es-pe-ci-fi-ca-mente, nas pro-pri-e-da-des da rea $\OT1/lmr/m/n/12 (-20) ^^A[] []$
 []

<Imagens/quadrilatero.png, id=1128, 903.375pt x 586.44093pt>
File: Imagens/quadrilatero.png Graphic file (type png)
<use Imagens/quadrilatero.png>
Package pdftex.def Info: Imagens/quadrilatero.png  used on input line 2459.
(pdftex.def)             Requested size: 273.00278pt x 177.22218pt.
<Imagens/decomposição_quadrilatero.png, id=1131, 617.30624pt x 340.27126pt>
File: Imagens/decomposição_quadrilatero.png Graphic file (type png)
<use Imagens/decomposição_quadrilatero.png>
Package pdftex.def Info: Imagens/decomposição_quadrilatero.png  used on input line 2479.
(pdftex.def)             Requested size: 273.00278pt x 150.48824pt.
[71

 <./Imagens/quadrilatero.png>]
<Imagens/n_gon.png, id=1149, 903.375pt x 417.81094pt>
File: Imagens/n_gon.png Graphic file (type png)
<use Imagens/n_gon.png>
Package pdftex.def Info: Imagens/n_gon.png  used on input line 2512.
(pdftex.def)             Requested size: 364.00139pt x 168.35184pt.
 [72 <./Imagens/decomposição_quadrilatero.png>] [73 <./Imagens/n_gon.png>] [74]
<Imagens/half_trajectories_v2.png, id=1197, 903.375pt x 522.45187pt>
File: Imagens/half_trajectories_v2.png Graphic file (type png)
<use Imagens/half_trajectories_v2.png>
Package pdftex.def Info: Imagens/half_trajectories_v2.png  used on input line 2630.
(pdftex.def)             Requested size: 273.00278pt x 157.88472pt.
 [75


pdfTeX warning (ext4): destination with the same identifier (name{equation.B.0.1}) has been already used, duplicate ignored
<argument> ...shipout:D \box_use:N \l_shipout_box 
                                                  \__shipout_drop_firstpage_...
l.2645 \end{equation}
                     
pdfTeX warning (ext4): destination with the same identifier (name{equation.B.0.2}) has been already used, duplicate ignored
<argument> ...shipout:D \box_use:N \l_shipout_box 
                                                  \__shipout_drop_firstpage_...
l.2645 \end{equation}
                      <./Imagens/half_trajectories_v2.png>] [76
pdfTeX warning (ext4): destination with the same identifier (name{equation.B.0.3}) has been already used, duplicate ignored
<argument> ...shipout:D \box_use:N \l_shipout_box 
                                                  \__shipout_drop_firstpage_...
l.2661 \chapter
               {Símbolo de Wigner da composição de operadores}] [77

] [78

] [79

] [80]
LaTeX Font Info:    Trying to load font information for TS1+lmr on input line 2798.
 (c:/texlive/2022/texmf-dist/tex/latex/lm/ts1lmr.fd
File: ts1lmr.fd 2015/05/01 v1.6.1 Font defs for Latin Modern
) [81] (./main.bbl (./main.brf)
\tf@brf=\write5
\openout5 = `main.brf'.

 [82]
bibitemlist
[83

] [84] [85]) 
AED: lastpage setting LastPage
[86]
\tf@toc=\write6
\openout6 = `main.toc'.

 (./main.aux)
Package rerunfilecheck Info: File `main.brf' has not changed.
(rerunfilecheck)             Checksum: 6E474909B01215CB9B91BAA3C0F6DD7F;2607.
 ) 
Here is how much of TeX's memory you used:
 22417 strings out of 476093
 368042 string characters out of 5795582
 1877787 words of memory out of 5000000
 41427 multiletter control sequences out of 15000+600000
 636375 words of font info for 288 fonts, out of 8000000 for 9000
 1141 hyphenation exceptions out of 8191
 87i,17n,91p,1950b,723s stack positions out of 10000i,1000n,20000p,200000b,200000s
{c:/texlive/2022/texmf-dist/fonts/enc/dvips/lm/lm-ts1.enc}{c:/texlive/2022/texmf-dist/fonts/enc/dvips/lm/lm-mathit.enc}{c:/texlive/2022/texmf-dist/fonts/enc/dvips/lm/lm-rm.enc}{c:/texlive/2022/texmf-dist/fonts/enc/dvips/lm/lm-mathsy.enc}{c:/texlive/2022/texmf-dist/fonts/enc/dvips/lm/lm-ec.enc}{c:/texlive/2022/texmf-dist/fonts/enc/dvips/lm/lm-mathex.enc}<c:/texlive/2022/texmf-dist/fonts/type1/public/lm/lmbsy10.pfb><c:/texlive/2022/texmf-dist/fonts/type1/public/lm/lmbx10.pfb><c:/texlive/2022/texmf-dist/fonts/type1/public/lm/lmbx12.pfb><c:/texlive/2022/texmf-dist/fonts/type1/public/lm/lmbx8.pfb><c:/texlive/2022/texmf-dist/fonts/type1/public/lm/lmex10.pfb><c:/texlive/2022/texmf-dist/fonts/type1/public/lm/lmmi10.pfb><c:/texlive/2022/texmf-dist/fonts/type1/public/lm/lmmi12.pfb><c:/texlive/2022/texmf-dist/fonts/type1/public/lm/lmmi6.pfb><c:/texlive/2022/texmf-dist/fonts/type1/public/lm/lmmi7.pfb><c:/texlive/2022/texmf-dist/fonts/type1/public/lm/lmmi8.pfb><c:/texlive/2022/texmf-dist/fonts/type1/public/lm/lmmib10.pfb><c:/texlive/2022/texmf-dist/fonts/type1/public/lm/lmr10.pfb><c:/texlive/2022/texmf-dist/fonts/type1/public/lm/lmr12.pfb><c:/texlive/2022/texmf-dist/fonts/type1/public/lm/lmr6.pfb><c:/texlive/2022/texmf-dist/fonts/type1/public/lm/lmr7.pfb><c:/texlive/2022/texmf-dist/fonts/type1/public/lm/lmr8.pfb><c:/texlive/2022/texmf-dist/fonts/type1/public/lm/lmri10.pfb><c:/texlive/2022/texmf-dist/fonts/type1/public/lm/lmri12.pfb><c:/texlive/2022/texmf-dist/fonts/type1/public/lm/lmss12.pfb><c:/texlive/2022/texmf-dist/fonts/type1/public/lm/lmss17.pfb><c:/texlive/2022/texmf-dist/fonts/type1/public/lm/lmssbx10.pfb><c:/texlive/2022/texmf-dist/fonts/type1/public/lm/lmsy10.pfb><c:/texlive/2022/texmf-dist/fonts/type1/public/lm/lmsy6.pfb><c:/texlive/2022/texmf-dist/fonts/type1/public/lm/lmsy7.pfb><c:/texlive/2022/texmf-dist/fonts/type1/public/lm/lmsy8.pfb><c:/texlive/2022/texmf-dist/fonts/type1/public/amsfonts/symbols/msbm10.pfb>
Output written on main.pdf (87 pages, 8149348 bytes).
PDF statistics:
 1865 PDF objects out of 2073 (max. 8388607)
 1637 compressed objects within 17 object streams
 628 named destinations out of 1000 (max. 500000)
 68227 words of extra memory for PDF output out of 74296 (max. 10000000)

